
03:11:09 INFO - { status: 200,
  statusText: 'OK',
  headers: 
   { connection: 'close',
     'content-type': 'application/json; encoding=utf-8',
     date: 'Fri, 06 Apr 2018 19:11:09 GMT',
     'content-length': '143' },
  config: 
   { adapter: [Function: httpAdapter],
     transformRequest: { '0': [Function: transformRequest] },
     transformResponse: { '0': [Function: transformResponse] },
     timeout: 0,
     xsrfCookieName: 'XSRF-TOKEN',
     xsrfHeaderName: 'X-XSRF-TOKEN',
     maxContentLength: -1,
     validateStatus: [Function: validateStatus],
     headers: 
      { Accept: 'application/json, text/plain, */*',
        'User-Agent': 'axios/0.18.0' },
     method: 'get',
     url: 'https://api.weixin.qq.com/cgi-bin/ticket/getticket?type=jsapi&access_token=8_sLdcAEL5kabIS0Ny-VXXu8VPuZYKKhdMeL_MX0CRjPN_Rjkzu5xNrSxN_J3XW97KGsR4X2JIGs4CGNRIMOpbKvrtDJfcsOdmaHjY-h4BfAXqDA-0SxKdCLHeTDnW0v8L952LLmMTrUL-VYyCUAUeAJAXDX',
     data: undefined },
  request: 
   ClientRequest {
     _events: 
      { socket: [Function],
        abort: [Function],
        aborted: [Function],
        error: [Function],
        timeout: [Function],
        prefinish: [Function: requestOnPrefinish] },
     _eventsCount: 6,
     _maxListeners: undefined,
     output: [],
     outputEncodings: [],
     outputCallbacks: [],
     outputSize: 0,
     writable: true,
     _last: true,
     upgrading: false,
     chunkedEncoding: false,
     shouldKeepAlive: false,
     useChunkedEncodingByDefault: false,
     sendDate: false,
     _removedConnection: false,
     _removedContLen: false,
     _removedTE: false,
     _contentLength: 0,
     _hasBody: true,
     _trailer: '',
     finished: true,
     _headerSent: true,
     socket: 
      TLSSocket {
        _tlsOptions: [Object],
        _secureEstablished: true,
        _securePending: false,
        _newSessionPending: false,
        _controlReleased: true,
        _SNICallback: null,
        servername: 'api.weixin.qq.com',
        npnProtocol: undefined,
        alpnProtocol: false,
        authorized: true,
        authorizationError: null,
        encrypted: true,
        _events: [Object],
        _eventsCount: 9,
        connecting: false,
        _hadError: false,
        _handle: null,
        _parent: null,
        _host: 'api.weixin.qq.com',
        _readableState: [ReadableState],
        readable: false,
        _maxListeners: undefined,
        _writableState: [WritableState],
        writable: false,
        allowHalfOpen: false,
        _bytesDispatched: 336,
        _sockname: null,
        _pendingData: null,
        _pendingEncoding: '',
        server: undefined,
        _server: null,
        ssl: null,
        _requestCert: true,
        _rejectUnauthorized: true,
        parser: null,
        _httpMessage: [Circular],
        _idleNext: null,
        _idlePrev: null,
        _idleTimeout: -1,
        [Symbol(res)]: [TLSWrap],
        [Symbol(asyncId)]: 48,
        [Symbol(lastWriteQueueSize)]: 0,
        [Symbol(bytesRead)]: 287,
        [Symbol(connect-options)]: [Object] },
     connection: 
      TLSSocket {
        _tlsOptions: [Object],
        _secureEstablished: true,
        _securePending: false,
        _newSessionPending: false,
        _controlReleased: true,
        _SNICallback: null,
        servername: 'api.weixin.qq.com',
        npnProtocol: undefined,
        alpnProtocol: false,
        authorized: true,
        authorizationError: null,
        encrypted: true,
        _events: [Object],
        _eventsCount: 9,
        connecting: false,
        _hadError: false,
        _handle: null,
        _parent: null,
        _host: 'api.weixin.qq.com',
        _readableState: [ReadableState],
        readable: false,
        _maxListeners: undefined,
        _writableState: [WritableState],
        writable: false,
        allowHalfOpen: false,
        _bytesDispatched: 336,
        _sockname: null,
        _pendingData: null,
        _pendingEncoding: '',
        server: undefined,
        _server: null,
        ssl: null,
        _requestCert: true,
        _rejectUnauthorized: true,
        parser: null,
        _httpMessage: [Circular],
        _idleNext: null,
        _idlePrev: null,
        _idleTimeout: -1,
        [Symbol(res)]: [TLSWrap],
        [Symbol(asyncId)]: 48,
        [Symbol(lastWriteQueueSize)]: 0,
        [Symbol(bytesRead)]: 287,
        [Symbol(connect-options)]: [Object] },
     _header: 'GET /cgi-bin/ticket/getticket?type=jsapi&access_token=8_sLdcAEL5kabIS0Ny-VXXu8VPuZYKKhdMeL_MX0CRjPN_Rjkzu5xNrSxN_J3XW97KGsR4X2JIGs4CGNRIMOpbKvrtDJfcsOdmaHjY-h4BfAXqDA-0SxKdCLHeTDnW0v8L952LLmMTrUL-VYyCUAUeAJAXDX HTTP/1.1\r\nAccept: application/json, text/plain, */*\r\nUser-Agent: axios/0.18.0\r\nHost: api.weixin.qq.com\r\nConnection: close\r\n\r\n',
     _onPendingData: [Function: noopPendingOutput],
     agent: 
      Agent {
        _events: [Object],
        _eventsCount: 1,
        _maxListeners: undefined,
        defaultPort: 443,
        protocol: 'https:',
        options: [Object],
        requests: {},
        sockets: [Object],
        freeSockets: {},
        keepAliveMsecs: 1000,
        keepAlive: false,
        maxSockets: Infinity,
        maxFreeSockets: 256,
        maxCachedSessions: 100,
        _sessionCache: [Object] },
     socketPath: undefined,
     timeout: undefined,
     method: 'GET',
     path: '/cgi-bin/ticket/getticket?type=jsapi&access_token=8_sLdcAEL5kabIS0Ny-VXXu8VPuZYKKhdMeL_MX0CRjPN_Rjkzu5xNrSxN_J3XW97KGsR4X2JIGs4CGNRIMOpbKvrtDJfcsOdmaHjY-h4BfAXqDA-0SxKdCLHeTDnW0v8L952LLmMTrUL-VYyCUAUeAJAXDX',
     _ended: true,
     res: 
      IncomingMessage {
        _readableState: [ReadableState],
        readable: false,
        _events: [Object],
        _eventsCount: 3,
        _maxListeners: undefined,
        socket: [TLSSocket],
        connection: [TLSSocket],
        httpVersionMajor: 1,
        httpVersionMinor: 1,
        httpVersion: '1.1',
        complete: true,
        headers: [Object],
        rawHeaders: [Array],
        trailers: {},
        rawTrailers: [],
        upgrade: false,
        url: '',
        method: null,
        statusCode: 200,
        statusMessage: 'OK',
        client: [TLSSocket],
        _consuming: true,
        _dumped: false,
        req: [Circular],
        responseUrl: 'https://api.weixin.qq.com/cgi-bin/ticket/getticket?type=jsapi&access_token=8_sLdcAEL5kabIS0Ny-VXXu8VPuZYKKhdMeL_MX0CRjPN_Rjkzu5xNrSxN_J3XW97KGsR4X2JIGs4CGNRIMOpbKvrtDJfcsOdmaHjY-h4BfAXqDA-0SxKdCLHeTDnW0v8L952LLmMTrUL-VYyCUAUeAJAXDX',
        read: [Function] },
     aborted: undefined,
     timeoutCb: null,
     upgradeOrConnect: false,
     parser: null,
     maxHeadersCount: null,
     _redirectable: 
      Writable {
        _writableState: [WritableState],
        writable: true,
        _events: [Object],
        _eventsCount: 2,
        _maxListeners: undefined,
        _options: [Object],
        _redirectCount: 0,
        _requestBodyLength: 0,
        _requestBodyBuffers: [],
        _onNativeResponse: [Function],
        _currentRequest: [Circular],
        _currentUrl: 'https://api.weixin.qq.com/cgi-bin/ticket/getticket?type=jsapi&access_token=8_sLdcAEL5kabIS0Ny-VXXu8VPuZYKKhdMeL_MX0CRjPN_Rjkzu5xNrSxN_J3XW97KGsR4X2JIGs4CGNRIMOpbKvrtDJfcsOdmaHjY-h4BfAXqDA-0SxKdCLHeTDnW0v8L952LLmMTrUL-VYyCUAUeAJAXDX' },
     [Symbol(isCorked)]: false,
     [Symbol(outHeadersKey)]: { accept: [Array], 'user-agent': [Array], host: [Array] } },
  data: 
   { errcode: 0,
     errmsg: 'ok',
     ticket: 'sM4AOVdWfPE4DxkXGEs8VH56xUZALPm6FGj07XNo7Cw9WCr5bcqX3p_y9W1zP_re3_wBRL94nni1Jc68Mf3R6Q',
     expires_in: 7200 } }
